#
# A fatal error has been detected by the Java Runtime Environment:
#
#  EXCEPTION_ACCESS_VIOLATION (0xc0000005) at pc=0x000000007602a2e5, pid=30020, tid=23380
#
# JRE version: Java(TM) SE Runtime Environment (9.0+11) (build 9.0.4+11)
# Java VM: Java HotSpot(TM) 64-Bit Server VM (9.0.4+11, mixed mode, tiered, compressed oops, g1 gc, windows-amd64)
# Problematic frame:
# V  [jvm.dll+0x53a2e5]
#
# No core dump will be written. Minidumps are not enabled by default on client versions of Windows
#
# If you would like to submit a bug report, please visit:
#   http://bugreport.java.com/bugreport/crash.jsp
#

---------------  S U M M A R Y ------------

Command Line: -agentlib:jdwp=transport=dt_socket,suspend=y,address=localhost:49937 -Dfile.encoding=UTF-8 com.me.relativebalance.App accountId:ACC998877 from:20/10/2018 18:00:00 to:22/10/2018 18:00:00

Host: Intel(R) Core(TM) i7-7500U CPU @ 2.70GHz, 4 cores, 11G,  Windows 10 , 64 bit Build 18362 (10.0.18362.959)
Time: Fri Sep 04 03:22:37 2020 AUS Eastern Standard Time elapsed time: 7513 seconds (0d 2h 5m 13s)

---------------  T H R E A D  ---------------

Current thread (0x000002b47fa78800):  VMThread "VM Thread" [stack: 0x000000e3a8700000,0x000000e3a8800000] [id=23380]

Stack: [0x000000e3a8700000,0x000000e3a8800000],  sp=0x000000e3a87ff0b8,  free space=1020k
Native frames: (J=compiled Java code, j=interpreted, Vv=VM code, C=native code)
V  [jvm.dll+0x53a2e5]


siginfo: EXCEPTION_ACCESS_VIOLATION (0xc0000005), reading address 0xffffffffffffffff


Register to memory mapping:

RIP=0x000000007602a2e5 jvm.dll
RAX=0x00ca0000762bc190 is an unknown value
RBX=0x0000000000000000 is an unknown value
RCX=0x000002b4083404b0 is pointing into metadata
RDX=0x000002b4625e5801 is an unknown value
RSP=0x000000e3a87ff0b8 is an unknown value
RBP=0x000000007602a2e0 jvm.dll
RSI=0x000002b4625e5800 is a thread
RDI=0x0000000000000000 is an unknown value
R8 =0x0000000000080001 is an unknown value
R9 =0x000000007ffe6000 is an unknown value
R10=0x00000000546c6148 is an unknown value
R11=0x000002e5730ec983 is an unknown value
R12=0x000002b47f3fb018 is an unknown value
R13=0x00000000000003d8 is an unknown value
R14=0x000002b47fa3c300 is an unknown value
R15=0x000002b47f3fac40 is an unknown value


Registers:
RAX=0x00ca0000762bc190, RBX=0x0000000000000000, RCX=0x000002b4083404b0, RDX=0x000002b4625e5801
RSP=0x000000e3a87ff0b8, RBP=0x000000007602a2e0, RSI=0x000002b4625e5800, RDI=0x0000000000000000
R8 =0x0000000000080001, R9 =0x000000007ffe6000, R10=0x00000000546c6148, R11=0x000002e5730ec983
R12=0x000002b47f3fb018, R13=0x00000000000003d8, R14=0x000002b47fa3c300, R15=0x000002b47f3fac40
RIP=0x000000007602a2e5, EFLAGS=0x0000000000010202

Top of Stack: (sp=0x000000e3a87ff0b8)
0x000000e3a87ff0b8:   0000000076155f5a 0000000000000002
0x000000e3a87ff0c8:   000002b47fa8b800 000002b47f330700
0x000000e3a87ff0d8:   000002b47fa3bff0 0000000000000000
0x000000e3a87ff0e8:   00000000761584bd 000002b4625e5800
0x000000e3a87ff0f8:   000000e3a87ff1f8 000002b47fa78800
0x000000e3a87ff108:   00007ffcaa434bb6 00000000762d7310
0x000000e3a87ff118:   000000007602a2e0 0000000000000001
0x000000e3a87ff128:   000000007602a1ac 000006d7dac244ff
0x000000e3a87ff138:   0000000000000000 000000000000000e
0x000000e3a87ff148:   00000000762cfee0 000000e3a91ff580
0x000000e3a87ff158:   0000000075f59e03 000000e3a91ff580
0x000000e3a87ff168:   0000000000000000 0000000000000000
0x000000e3a87ff178:   000002b4625e3aa0 000000e3a87ff290
0x000000e3a87ff188:   00000000760d5535 000002b400000002
0x000000e3a87ff198:   0000000000000000 000000e3a87ff290
0x000000e3a87ff1a8:   00007ffc7a6037e5 0000000000000000 

Instructions: (pc=0x000000007602a2e5)
0x000000007602a2c5:   43 00 48 8b 5c 24 40 48 83 c4 20 5d c3 cc cc cc
0x000000007602a2d5:   cc cc cc cc cc cc cc cc cc cc cc 48 8b 01 b2 01
0x000000007602a2e5:   48 ff 60 50 cc cc cc cc cc cc cc 40 53 48 83 ec
0x000000007602a2f5:   20 48 8b 15 c3 28 43 00 48 8b d9 48 85 d2 74 21 


VM_Operation (0x000000e3a91ff580): RedefineClasses, mode: safepoint, requested by thread 0x000002b408925000


---------------  P R O C E S S  ---------------

Java Threads: ( => current thread )
  0x000002b40893f800 JavaThread "Service Thread" daemon [_thread_blocked, id=20156, stack(0x000000e3a9400000,0x000000e3a9500000)]
  0x000002b40892f800 JavaThread "JDWP Command Reader" daemon [_thread_in_native, id=17912, stack(0x000000e3a9300000,0x000000e3a9400000)]
  0x000002b40892f000 JavaThread "JDWP Event Helper Thread" daemon [_thread_blocked, id=23884, stack(0x000000e3a9200000,0x000000e3a9300000)]
  0x000002b408925000 JavaThread "JDWP Transport Listener: dt_socket" daemon [_thread_blocked, id=29444, stack(0x000000e3a9100000,0x000000e3a9200000)]
  0x000002b47fb2d800 JavaThread "Common-Cleaner" daemon [_thread_blocked, id=21464, stack(0x000000e3a9000000,0x000000e3a9100000)]
  0x000002b47fafc800 JavaThread "Sweeper thread" daemon [_thread_blocked, id=27136, stack(0x000000e3a8f00000,0x000000e3a9000000)]
  0x000002b47faf3000 JavaThread "C1 CompilerThread2" daemon [_thread_blocked, id=11760, stack(0x000000e3a8e00000,0x000000e3a8f00000)]
  0x000002b47faef000 JavaThread "C2 CompilerThread1" daemon [_thread_blocked, id=25032, stack(0x000000e3a8d00000,0x000000e3a8e00000)]
  0x000002b47fae7000 JavaThread "C2 CompilerThread0" daemon [_thread_blocked, id=29904, stack(0x000000e3a8c00000,0x000000e3a8d00000)]
  0x000002b47fae5800 JavaThread "Attach Listener" daemon [_thread_blocked, id=25508, stack(0x000000e3a8b00000,0x000000e3a8c00000)]
  0x000002b47fa87800 JavaThread "Signal Dispatcher" daemon [_thread_blocked, id=26296, stack(0x000000e3a8a00000,0x000000e3a8b00000)]
  0x000002b47fa99000 JavaThread "Finalizer" daemon [_thread_blocked, id=27252, stack(0x000000e3a8900000,0x000000e3a8a00000)]
  0x000002b47fa8b800 JavaThread "Reference Handler" daemon [_thread_blocked, id=26152, stack(0x000000e3a8800000,0x000000e3a8900000)]
  0x000002b4625e5800 JavaThread "main" [_thread_blocked, id=28296, stack(0x000000e3a7b00000,0x000000e3a7c00000)]

Other Threads:
=>0x000002b47fa78800 VMThread "VM Thread" [stack: 0x000000e3a8700000,0x000000e3a8800000] [id=23380]
  0x000002b408946000 WatcherThread [stack: 0x000000e3a9500000,0x000000e3a9600000] [id=17380]
  0x000002b4625fe000 GCTaskThread "GC Thread#0" [stack: 0x000000e3a7c00000,0x000000e3a7d00000] [id=26308]
  0x000002b4625ff000 GCTaskThread "GC Thread#1" [stack: 0x000000e3a7d00000,0x000000e3a7e00000] [id=25300]
  0x000002b462603800 GCTaskThread "GC Thread#2" [stack: 0x000000e3a7e00000,0x000000e3a7f00000] [id=24800]
  0x000002b462606000 GCTaskThread "GC Thread#3" [stack: 0x000000e3a7f00000,0x000000e3a8000000] [id=21680]
  0x000002b47f32d000 ConcurrentGCThread "G1 Main Marker" [stack: 0x000000e3a8500000,0x000000e3a8600000] [id=23144]
  0x000002b47f32f800 ConcurrentGCThread "G1 Marker#0" [stack: 0x000000e3a8600000,0x000000e3a8700000] [id=15028]
  0x000002b462611800 ConcurrentGCThread "G1 Refine#0" [stack: 0x000000e3a8300000,0x000000e3a8400000] [id=22192]
  0x000002b462610800 ConcurrentGCThread "G1 Refine#1" [stack: 0x000000e3a8200000,0x000000e3a8300000] [id=28936]
  0x000002b46260b800 ConcurrentGCThread "G1 Refine#2" [stack: 0x000000e3a8100000,0x000000e3a8200000] [id=9840]
  0x000002b462607800 ConcurrentGCThread "G1 Refine#3" [stack: 0x000000e3a8000000,0x000000e3a8100000] [id=18648]
  0x000002b462613000 ConcurrentGCThread "G1 Young RemSet Sampling" [stack: 0x000000e3a8400000,0x000000e3a8500000] [id=30064]

Threads with active compile tasks:

VM state:at safepoint (normal execution)

VM Mutex/Monitor currently owned by a thread:  ([mutex/lock_event])
[0x000002b4625e4c10] Threads_lock - owner thread: 0x000002b47fa78800

Heap address: 0x0000000701800000, size: 3048 MB, Compressed Oops mode: Zero based, Oop shift amount: 3
Narrow klass base: 0x0000000000000000, Narrow klass shift: 3
Compressed class space size: 1073741824 Address: 0x00000007c0000000

Heap:
 garbage-first heap   total 196608K, used 1024K [0x0000000701800000, 0x0000000701900600, 0x00000007c0000000)
  region size 1024K, 2 young (2048K), 0 survivors (0K)
 Metaspace       used 4197K, capacity 4564K, committed 4864K, reserved 1056768K
  class space    used 371K, capacity 388K, committed 512K, reserved 1048576K
Heap Regions: E=young(eden), S=young(survivor), O=old, HS=humongous(starts), HC=humongous(continues), CS=collection set, F=free, A=archive, TS=gc time stamp, AC=allocation context, TAMS=top-at-mark-start (previous, next)
|   0|0x0000000701800000, 0x0000000701800000, 0x0000000701900000|  0%| F|  |TS  0|AC  0|TAMS 0x0000000701800000, 0x0000000701800000|
|   1|0x0000000701900000, 0x0000000701900000, 0x0000000701a00000|  0%| F|  |TS  0|AC  0|TAMS 0x0000000701900000, 0x0000000701900000|
|   2|0x0000000701a00000, 0x0000000701a00000, 0x0000000701b00000|  0%| F|  |TS  0|AC  0|TAMS 0x0000000701a00000, 0x0000000701a00000|
|   3|0x0000000701b00000, 0x0000000701b00000, 0x0000000701c00000|  0%| F|  |TS  0|AC  0|TAMS 0x0000000701b00000, 0x0000000701b00000|
|   4|0x0000000701c00000, 0x0000000701c00000, 0x0000000701d00000|  0%| F|  |TS  0|AC  0|TAMS 0x0000000701c00000, 0x0000000701c00000|
|   5|0x0000000701d00000, 0x0000000701d00000, 0x0000000701e00000|  0%| F|  |TS  0|AC  0|TAMS 0x0000000701d00000, 0x0000000701d00000|
|   6|0x0000000701e00000, 0x0000000701e00000, 0x0000000701f00000|  0%| F|  |TS  0|AC  0|TAMS 0x0000000701e00000, 0x0000000701e00000|
|   7|0x0000000701f00000, 0x0000000701f00000, 0x0000000702000000|  0%| F|  |TS  0|AC  0|TAMS 0x0000000701f00000, 0x0000000701f00000|
|   8|0x0000000702000000, 0x0000000702000000, 0x0000000702100000|  0%| F|  |TS  0|AC  0|TAMS 0x0000000702000000, 0x0000000702000000|
|   9|0x0000000702100000, 0x0000000702100000, 0x0000000702200000|  0%| F|  |TS  0|AC  0|TAMS 0x0000000702100000, 0x0000000702100000|
|  10|0x0000000702200000, 0x0000000702200000, 0x0000000702300000|  0%| F|  |TS  0|AC  0|TAMS 0x0000000702200000, 0x0000000702200000|
|  11|0x0000000702300000, 0x0000000702300000, 0x0000000702400000|  0%| F|  |TS  0|AC  0|TAMS 0x0000000702300000, 0x0000000702300000|
|  12|0x0000000702400000, 0x0000000702400000, 0x0000000702500000|  0%| F|  |TS  0|AC  0|TAMS 0x0000000702400000, 0x0000000702400000|
|  13|0x0000000702500000, 0x0000000702500000, 0x0000000702600000|  0%| F|  |TS  0|AC  0|TAMS 0x0000000702500000, 0x0000000702500000|
|  14|0x0000000702600000, 0x0000000702600000, 0x0000000702700000|  0%| F|  |TS  0|AC  0|TAMS 0x0000000702600000, 0x0000000702600000|
|  15|0x0000000702700000, 0x0000000702700000, 0x0000000702800000|  0%| F|  |TS  0|AC  0|TAMS 0x0000000702700000, 0x0000000702700000|
|  16|0x0000000702800000, 0x0000000702800000, 0x0000000702900000|  0%| F|  |TS  0|AC  0|TAMS 0x0000000702800000, 0x0000000702800000|
|  17|0x0000000702900000, 0x0000000702900000, 0x0000000702a00000|  0%| F|  |TS  0|AC  0|TAMS 0x0000000702900000, 0x0000000702900000|
|  18|0x0000000702a00000, 0x0000000702a00000, 0x0000000702b00000|  0%| F|  |TS  0|AC  0|TAMS 0x0000000702a00000, 0x0000000702a00000|
|  19|0x0000000702b00000, 0x0000000702b00000, 0x0000000702c00000|  0%| F|  |TS  0|AC  0|TAMS 0x0000000702b00000, 0x0000000702b00000|
|  20|0x0000000702c00000, 0x0000000702c00000, 0x0000000702d00000|  0%| F|  |TS  0|AC  0|TAMS 0x0000000702c00000, 0x0000000702c00000|
|  21|0x0000000702d00000, 0x0000000702d00000, 0x0000000702e00000|  0%| F|  |TS  0|AC  0|TAMS 0x0000000702d00000, 0x0000000702d00000|
|  22|0x0000000702e00000, 0x0000000702e00000, 0x0000000702f00000|  0%| F|  |TS  0|AC  0|TAMS 0x0000000702e00000, 0x0000000702e00000|
|  23|0x0000000702f00000, 0x0000000702f00000, 0x0000000703000000|  0%| F|  |TS  0|AC  0|TAMS 0x0000000702f00000, 0x0000000702f00000|
|  24|0x0000000703000000, 0x0000000703000000, 0x0000000703100000|  0%| F|  |TS  0|AC  0|TAMS 0x0000000703000000, 0x0000000703000000|
|  25|0x0000000703100000, 0x0000000703100000, 0x0000000703200000|  0%| F|  |TS  0|AC  0|TAMS 0x0000000703100000, 0x0000000703100000|
|  26|0x0000000703200000, 0x0000000703200000, 0x0000000703300000|  0%| F|  |TS  0|AC  0|TAMS 0x0000000703200000, 0x0000000703200000|
|  27|0x0000000703300000, 0x0000000703300000, 0x0000000703400000|  0%| F|  |TS  0|AC  0|TAMS 0x0000000703300000, 0x0000000703300000|
|  28|0x0000000703400000, 0x0000000703400000, 0x0000000703500000|  0%| F|  |TS  0|AC  0|TAMS 0x0000000703400000, 0x0000000703400000|
|  29|0x0000000703500000, 0x0000000703500000, 0x0000000703600000|  0%| F|  |TS  0|AC  0|TAMS 0x0000000703500000, 0x0000000703500000|
|  30|0x0000000703600000, 0x0000000703600000, 0x0000000703700000|  0%| F|  |TS  0|AC  0|TAMS 0x0000000703600000, 0x0000000703600000|
|  31|0x0000000703700000, 0x0000000703700000, 0x0000000703800000|  0%| F|  |TS  0|AC  0|TAMS 0x0000000703700000, 0x0000000703700000|
|  32|0x0000000703800000, 0x0000000703800000, 0x0000000703900000|  0%| F|  |TS  0|AC  0|TAMS 0x0000000703800000, 0x0000000703800000|
|  33|0x0000000703900000, 0x0000000703900000, 0x0000000703a00000|  0%| F|  |TS  0|AC  0|TAMS 0x0000000703900000, 0x0000000703900000|
|  34|0x0000000703a00000, 0x0000000703a00000, 0x0000000703b00000|  0%| F|  |TS  0|AC  0|TAMS 0x0000000703a00000, 0x0000000703a00000|
|  35|0x0000000703b00000, 0x0000000703b00000, 0x0000000703c00000|  0%| F|  |TS  0|AC  0|TAMS 0x0000000703b00000, 0x0000000703b00000|
|  36|0x0000000703c00000, 0x0000000703c00000, 0x0000000703d00000|  0%| F|  |TS  0|AC  0|TAMS 0x0000000703c00000, 0x0000000703c00000|
|  37|0x0000000703d00000, 0x0000000703d00000, 0x0000000703e00000|  0%| F|  |TS  0|AC  0|TAMS 0x0000000703d00000, 0x0000000703d00000|
|  38|0x0000000703e00000, 0x0000000703e00000, 0x0000000703f00000|  0%| F|  |TS  0|AC  0|TAMS 0x0000000703e00000, 0x0000000703e00000|
|  39|0x0000000703f00000, 0x0000000703f00000, 0x0000000704000000|  0%| F|  |TS  0|AC  0|TAMS 0x0000000703f00000, 0x0000000703f00000|
|  40|0x0000000704000000, 0x0000000704000000, 0x0000000704100000|  0%| F|  |TS  0|AC  0|TAMS 0x0000000704000000, 0x0000000704000000|
|  41|0x0000000704100000, 0x0000000704100000, 0x0000000704200000|  0%| F|  |TS  0|AC  0|TAMS 0x0000000704100000, 0x0000000704100000|
|  42|0x0000000704200000, 0x0000000704200000, 0x0000000704300000|  0%| F|  |TS  0|AC  0|TAMS 0x0000000704200000, 0x0000000704200000|
|  43|0x0000000704300000, 0x0000000704300000, 0x0000000704400000|  0%| F|  |TS  0|AC  0|TAMS 0x0000000704300000, 0x0000000704300000|
|  44|0x0000000704400000, 0x0000000704400000, 0x0000000704500000|  0%| F|  |TS  0|AC  0|TAMS 0x0000000704400000, 0x0000000704400000|
|  45|0x0000000704500000, 0x0000000704500000, 0x0000000704600000|  0%| F|  |TS  0|AC  0|TAMS 0x0000000704500000, 0x0000000704500000|
|  46|0x0000000704600000, 0x0000000704600000, 0x0000000704700000|  0%| F|  |TS  0|AC  0|TAMS 0x0000000704600000, 0x0000000704600000|
|  47|0x0000000704700000, 0x0000000704700000, 0x0000000704800000|  0%| F|  |TS  0|AC  0|TAMS 0x0000000704700000, 0x0000000704700000|
|  48|0x0000000704800000, 0x0000000704800000, 0x0000000704900000|  0%| F|  |TS  0|AC  0|TAMS 0x0000000704800000, 0x0000000704800000|
|  49|0x0000000704900000, 0x0000000704900000, 0x0000000704a00000|  0%| F|  |TS  0|AC  0|TAMS 0x0000000704900000, 0x0000000704900000|
|  50|0x0000000704a00000, 0x0000000704a00000, 0x0000000704b00000|  0%| F|  |TS  0|AC  0|TAMS 0x0000000704a00000, 0x0000000704a00000|
|  51|0x0000000704b00000, 0x0000000704b00000, 0x0000000704c00000|  0%| F|  |TS  0|AC  0|TAMS 0x0000000704b00000, 0x0000000704b00000|
|  52|0x0000000704c00000, 0x0000000704c00000, 0x0000000704d00000|  0%| F|  |TS  0|AC  0|TAMS 0x0000000704c00000, 0x0000000704c00000|
|  53|0x0000000704d00000, 0x0000000704d00000, 0x0000000704e00000|  0%| F|  |TS  0|AC  0|TAMS 0x0000000704d00000, 0x0000000704d00000|
|  54|0x0000000704e00000, 0x0000000704e00000, 0x0000000704f00000|  0%| F|  |TS  0|AC  0|TAMS 0x0000000704e00000, 0x0000000704e00000|
|  55|0x0000000704f00000, 0x0000000704f00000, 0x0000000705000000|  0%| F|  |TS  0|AC  0|TAMS 0x0000000704f00000, 0x0000000704f00000|
|  56|0x0000000705000000, 0x0000000705000000, 0x0000000705100000|  0%| F|  |TS  0|AC  0|TAMS 0x0000000705000000, 0x0000000705000000|
|  57|0x0000000705100000, 0x0000000705100000, 0x0000000705200000|  0%| F|  |TS  0|AC  0|TAMS 0x0000000705100000, 0x0000000705100000|
|  58|0x0000000705200000, 0x0000000705200000, 0x0000000705300000|  0%| F|  |TS  0|AC  0|TAMS 0x0000000705200000, 0x0000000705200000|
|  59|0x0000000705300000, 0x0000000705300000, 0x0000000705400000|  0%| F|  |TS  0|AC  0|TAMS 0x0000000705300000, 0x0000000705300000|
|  60|0x0000000705400000, 0x0000000705400000, 0x0000000705500000|  0%| F|  |TS  0|AC  0|TAMS 0x0000000705400000, 0x0000000705400000|
|  61|0x0000000705500000, 0x0000000705500000, 0x0000000705600000|  0%| F|  |TS  0|AC  0|TAMS 0x0000000705500000, 0x0000000705500000|
|  62|0x0000000705600000, 0x0000000705600000, 0x0000000705700000|  0%| F|  |TS  0|AC  0|TAMS 0x0000000705600000, 0x0000000705600000|
|  63|0x0000000705700000, 0x0000000705700000, 0x0000000705800000|  0%| F|  |TS  0|AC  0|TAMS 0x0000000705700000, 0x0000000705700000|
|  64|0x0000000705800000, 0x0000000705800000, 0x0000000705900000|  0%| F|  |TS  0|AC  0|TAMS 0x0000000705800000, 0x0000000705800000|
|  65|0x0000000705900000, 0x0000000705900000, 0x0000000705a00000|  0%| F|  |TS  0|AC  0|TAMS 0x0000000705900000, 0x0000000705900000|
|  66|0x0000000705a00000, 0x0000000705a00000, 0x0000000705b00000|  0%| F|  |TS  0|AC  0|TAMS 0x0000000705a00000, 0x0000000705a00000|
|  67|0x0000000705b00000, 0x0000000705b00000, 0x0000000705c00000|  0%| F|  |TS  0|AC  0|TAMS 0x0000000705b00000, 0x0000000705b00000|
|  68|0x0000000705c00000, 0x0000000705c00000, 0x0000000705d00000|  0%| F|  |TS  0|AC  0|TAMS 0x0000000705c00000, 0x0000000705c00000|
|  69|0x0000000705d00000, 0x0000000705d00000, 0x0000000705e00000|  0%| F|  |TS  0|AC  0|TAMS 0x0000000705d00000, 0x0000000705d00000|
|  70|0x0000000705e00000, 0x0000000705e00000, 0x0000000705f00000|  0%| F|  |TS  0|AC  0|TAMS 0x0000000705e00000, 0x0000000705e00000|
|  71|0x0000000705f00000, 0x0000000705f00000, 0x0000000706000000|  0%| F|  |TS  0|AC  0|TAMS 0x0000000705f00000, 0x0000000705f00000|
|  72|0x0000000706000000, 0x0000000706000000, 0x0000000706100000|  0%| F|  |TS  0|AC  0|TAMS 0x0000000706000000, 0x0000000706000000|
|  73|0x0000000706100000, 0x0000000706100000, 0x0000000706200000|  0%| F|  |TS  0|AC  0|TAMS 0x0000000706100000, 0x0000000706100000|
|  74|0x0000000706200000, 0x0000000706200000, 0x0000000706300000|  0%| F|  |TS  0|AC  0|TAMS 0x0000000706200000, 0x0000000706200000|
|  75|0x0000000706300000, 0x0000000706300000, 0x0000000706400000|  0%| F|  |TS  0|AC  0|TAMS 0x0000000706300000, 0x0000000706300000|
|  76|0x0000000706400000, 0x0000000706400000, 0x0000000706500000|  0%| F|  |TS  0|AC  0|TAMS 0x0000000706400000, 0x0000000706400000|
|  77|0x0000000706500000, 0x0000000706500000, 0x0000000706600000|  0%| F|  |TS  0|AC  0|TAMS 0x0000000706500000, 0x0000000706500000|
|  78|0x0000000706600000, 0x0000000706600000, 0x0000000706700000|  0%| F|  |TS  0|AC  0|TAMS 0x0000000706600000, 0x0000000706600000|
|  79|0x0000000706700000, 0x0000000706700000, 0x0000000706800000|  0%| F|  |TS  0|AC  0|TAMS 0x0000000706700000, 0x0000000706700000|
|  80|0x0000000706800000, 0x0000000706800000, 0x0000000706900000|  0%| F|  |TS  0|AC  0|TAMS 0x0000000706800000, 0x0000000706800000|
|  81|0x0000000706900000, 0x0000000706900000, 0x0000000706a00000|  0%| F|  |TS  0|AC  0|TAMS 0x0000000706900000, 0x0000000706900000|
|  82|0x0000000706a00000, 0x0000000706a00000, 0x0000000706b00000|  0%| F|  |TS  0|AC  0|TAMS 0x0000000706a00000, 0x0000000706a00000|
|  83|0x0000000706b00000, 0x0000000706b00000, 0x0000000706c00000|  0%| F|  |TS  0|AC  0|TAMS 0x0000000706b00000, 0x0000000706b00000|
|  84|0x0000000706c00000, 0x0000000706c00000, 0x0000000706d00000|  0%| F|  |TS  0|AC  0|TAMS 0x0000000706c00000, 0x0000000706c00000|
|  85|0x0000000706d00000, 0x0000000706d00000, 0x0000000706e00000|  0%| F|  |TS  0|AC  0|TAMS 0x0000000706d00000, 0x0000000706d00000|
|  86|0x0000000706e00000, 0x0000000706e00000, 0x0000000706f00000|  0%| F|  |TS  0|AC  0|TAMS 0x0000000706e00000, 0x0000000706e00000|
|  87|0x0000000706f00000, 0x0000000706f00000, 0x0000000707000000|  0%| F|  |TS  0|AC  0|TAMS 0x0000000706f00000, 0x0000000706f00000|
|  88|0x0000000707000000, 0x0000000707000000, 0x0000000707100000|  0%| F|  |TS  0|AC  0|TAMS 0x0000000707000000, 0x0000000707000000|
|  89|0x0000000707100000, 0x0000000707100000, 0x0000000707200000|  0%| F|  |TS  0|AC  0|TAMS 0x0000000707100000, 0x0000000707100000|
|  90|0x0000000707200000, 0x0000000707200000, 0x0000000707300000|  0%| F|  |TS  0|AC  0|TAMS 0x0000000707200000, 0x0000000707200000|
|  91|0x0000000707300000, 0x0000000707300000, 0x0000000707400000|  0%| F|  |TS  0|AC  0|TAMS 0x0000000707300000, 0x0000000707300000|
|  92|0x0000000707400000, 0x0000000707400000, 0x0000000707500000|  0%| F|  |TS  0|AC  0|TAMS 0x0000000707400000, 0x0000000707400000|
|  93|0x0000000707500000, 0x0000000707500000, 0x0000000707600000|  0%| F|  |TS  0|AC  0|TAMS 0x0000000707500000, 0x0000000707500000|
|  94|0x0000000707600000, 0x0000000707600000, 0x0000000707700000|  0%| F|  |TS  0|AC  0|TAMS 0x0000000707600000, 0x0000000707600000|
|  95|0x0000000707700000, 0x0000000707700000, 0x0000000707800000|  0%| F|  |TS  0|AC  0|TAMS 0x0000000707700000, 0x0000000707700000|
|  96|0x0000000707800000, 0x0000000707800000, 0x0000000707900000|  0%| F|  |TS  0|AC  0|TAMS 0x0000000707800000, 0x0000000707800000|
|  97|0x0000000707900000, 0x0000000707900000, 0x0000000707a00000|  0%| F|  |TS  0|AC  0|TAMS 0x0000000707900000, 0x0000000707900000|
|  98|0x0000000707a00000, 0x0000000707a00000, 0x0000000707b00000|  0%| F|  |TS  0|AC  0|TAMS 0x0000000707a00000, 0x0000000707a00000|
|  99|0x0000000707b00000, 0x0000000707b00000, 0x0000000707c00000|  0%| F|  |TS  0|AC  0|TAMS 0x0000000707b00000, 0x0000000707b00000|
| 100|0x0000000707c00000, 0x0000000707c00000, 0x0000000707d00000|  0%| F|  |TS  0|AC  0|TAMS 0x0000000707c00000, 0x0000000707c00000|
| 101|0x0000000707d00000, 0x0000000707d00000, 0x0000000707e00000|  0%| F|  |TS  0|AC  0|TAMS 0x0000000707d00000, 0x0000000707d00000|
| 102|0x0000000707e00000, 0x0000000707e00000, 0x0000000707f00000|  0%| F|  |TS  0|AC  0|TAMS 0x0000000707e00000, 0x0000000707e00000|
| 103|0x0000000707f00000, 0x0000000707f00000, 0x0000000708000000|  0%| F|  |TS  0|AC  0|TAMS 0x0000000707f00000, 0x0000000707f00000|
| 104|0x0000000708000000, 0x0000000708000000, 0x0000000708100000|  0%| F|  |TS  0|AC  0|TAMS 0x0000000708000000, 0x0000000708000000|
| 105|0x0000000708100000, 0x0000000708100000, 0x0000000708200000|  0%| F|  |TS  0|AC  0|TAMS 0x0000000708100000, 0x0000000708100000|
| 106|0x0000000708200000, 0x0000000708200000, 0x0000000708300000|  0%| F|  |TS  0|AC  0|TAMS 0x0000000708200000, 0x0000000708200000|
| 107|0x0000000708300000, 0x0000000708300000, 0x0000000708400000|  0%| F|  |TS  0|AC  0|TAMS 0x0000000708300000, 0x0000000708300000|
| 108|0x0000000708400000, 0x0000000708400000, 0x0000000708500000|  0%| F|  |TS  0|AC  0|TAMS 0x0000000708400000, 0x0000000708400000|
| 109|0x0000000708500000, 0x0000000708500000, 0x0000000708600000|  0%| F|  |TS  0|AC  0|TAMS 0x0000000708500000, 0x0000000708500000|
| 110|0x0000000708600000, 0x0000000708600000, 0x0000000708700000|  0%| F|  |TS  0|AC  0|TAMS 0x0000000708600000, 0x0000000708600000|
| 111|0x0000000708700000, 0x0000000708700000, 0x0000000708800000|  0%| F|  |TS  0|AC  0|TAMS 0x0000000708700000, 0x0000000708700000|
| 112|0x0000000708800000, 0x0000000708800000, 0x0000000708900000|  0%| F|  |TS  0|AC  0|TAMS 0x0000000708800000, 0x0000000708800000|
| 113|0x0000000708900000, 0x0000000708900000, 0x0000000708a00000|  0%| F|  |TS  0|AC  0|TAMS 0x0000000708900000, 0x0000000708900000|
| 114|0x0000000708a00000, 0x0000000708a00000, 0x0000000708b00000|  0%| F|  |TS  0|AC  0|TAMS 0x0000000708a00000, 0x0000000708a00000|
| 115|0x0000000708b00000, 0x0000000708b00000, 0x0000000708c00000|  0%| F|  |TS  0|AC  0|TAMS 0x0000000708b00000, 0x0000000708b00000|
| 116|0x0000000708c00000, 0x0000000708c00000, 0x0000000708d00000|  0%| F|  |TS  0|AC  0|TAMS 0x0000000708c00000, 0x0000000708c00000|
| 117|0x0000000708d00000, 0x0000000708d00000, 0x0000000708e00000|  0%| F|  |TS  0|AC  0|TAMS 0x0000000708d00000, 0x0000000708d00000|
| 118|0x0000000708e00000, 0x0000000708e00000, 0x0000000708f00000|  0%| F|  |TS  0|AC  0|TAMS 0x0000000708e00000, 0x0000000708e00000|
| 119|0x0000000708f00000, 0x0000000708f00000, 0x0000000709000000|  0%| F|  |TS  0|AC  0|TAMS 0x0000000708f00000, 0x0000000708f00000|
| 120|0x0000000709000000, 0x0000000709000000, 0x0000000709100000|  0%| F|  |TS  0|AC  0|TAMS 0x0000000709000000, 0x0000000709000000|
| 121|0x0000000709100000, 0x0000000709100000, 0x0000000709200000|  0%| F|  |TS  0|AC  0|TAMS 0x0000000709100000, 0x0000000709100000|
| 122|0x0000000709200000, 0x0000000709200000, 0x0000000709300000|  0%| F|  |TS  0|AC  0|TAMS 0x0000000709200000, 0x0000000709200000|
| 123|0x0000000709300000, 0x0000000709300000, 0x0000000709400000|  0%| F|  |TS  0|AC  0|TAMS 0x0000000709300000, 0x0000000709300000|
| 124|0x0000000709400000, 0x0000000709400000, 0x0000000709500000|  0%| F|  |TS  0|AC  0|TAMS 0x0000000709400000, 0x0000000709400000|
| 125|0x0000000709500000, 0x0000000709500000, 0x0000000709600000|  0%| F|  |TS  0|AC  0|TAMS 0x0000000709500000, 0x0000000709500000|
| 126|0x0000000709600000, 0x0000000709600000, 0x0000000709700000|  0%| F|  |TS  0|AC  0|TAMS 0x0000000709600000, 0x0000000709600000|
| 127|0x0000000709700000, 0x0000000709700000, 0x0000000709800000|  0%| F|  |TS  0|AC  0|TAMS 0x0000000709700000, 0x0000000709700000|
| 128|0x0000000709800000, 0x0000000709800000, 0x0000000709900000|  0%| F|  |TS  0|AC  0|TAMS 0x0000000709800000, 0x0000000709800000|
| 129|0x0000000709900000, 0x0000000709900000, 0x0000000709a00000|  0%| F|  |TS  0|AC  0|TAMS 0x0000000709900000, 0x0000000709900000|
| 130|0x0000000709a00000, 0x0000000709a00000, 0x0000000709b00000|  0%| F|  |TS  0|AC  0|TAMS 0x0000000709a00000, 0x0000000709a00000|
| 131|0x0000000709b00000, 0x0000000709b00000, 0x0000000709c00000|  0%| F|  |TS  0|AC  0|TAMS 0x0000000709b00000, 0x0000000709b00000|
| 132|0x0000000709c00000, 0x0000000709c00000, 0x0000000709d00000|  0%| F|  |TS  0|AC  0|TAMS 0x0000000709c00000, 0x0000000709c00000|
| 133|0x0000000709d00000, 0x0000000709d00000, 0x0000000709e00000|  0%| F|  |TS  0|AC  0|TAMS 0x0000000709d00000, 0x0000000709d00000|
| 134|0x0000000709e00000, 0x0000000709e00000, 0x0000000709f00000|  0%| F|  |TS  0|AC  0|TAMS 0x0000000709e00000, 0x0000000709e00000|
| 135|0x0000000709f00000, 0x0000000709f00000, 0x000000070a000000|  0%| F|  |TS  0|AC  0|TAMS 0x0000000709f00000, 0x0000000709f00000|
| 136|0x000000070a000000, 0x000000070a000000, 0x000000070a100000|  0%| F|  |TS  0|AC  0|TAMS 0x000000070a000000, 0x000000070a000000|
| 137|0x000000070a100000, 0x000000070a100000, 0x000000070a200000|  0%| F|  |TS  0|AC  0|TAMS 0x000000070a100000, 0x000000070a100000|
| 138|0x000000070a200000, 0x000000070a200000, 0x000000070a300000|  0%| F|  |TS  0|AC  0|TAMS 0x000000070a200000, 0x000000070a200000|
| 139|0x000000070a300000, 0x000000070a300000, 0x000000070a400000|  0%| F|  |TS  0|AC  0|TAMS 0x000000070a300000, 0x000000070a300000|
| 140|0x000000070a400000, 0x000000070a400000, 0x000000070a500000|  0%| F|  |TS  0|AC  0|TAMS 0x000000070a400000, 0x000000070a400000|
| 141|0x000000070a500000, 0x000000070a500000, 0x000000070a600000|  0%| F|  |TS  0|AC  0|TAMS 0x000000070a500000, 0x000000070a500000|
| 142|0x000000070a600000, 0x000000070a600000, 0x000000070a700000|  0%| F|  |TS  0|AC  0|TAMS 0x000000070a600000, 0x000000070a600000|
| 143|0x000000070a700000, 0x000000070a700000, 0x000000070a800000|  0%| F|  |TS  0|AC  0|TAMS 0x000000070a700000, 0x000000070a700000|
| 144|0x000000070a800000, 0x000000070a800000, 0x000000070a900000|  0%| F|  |TS  0|AC  0|TAMS 0x000000070a800000, 0x000000070a800000|
| 145|0x000000070a900000, 0x000000070a900000, 0x000000070aa00000|  0%| F|  |TS  0|AC  0|TAMS 0x000000070a900000, 0x000000070a900000|
| 146|0x000000070aa00000, 0x000000070aa00000, 0x000000070ab00000|  0%| F|  |TS  0|AC  0|TAMS 0x000000070aa00000, 0x000000070aa00000|
| 147|0x000000070ab00000, 0x000000070ab00000, 0x000000070ac00000|  0%| F|  |TS  0|AC  0|TAMS 0x000000070ab00000, 0x000000070ab00000|
| 148|0x000000070ac00000, 0x000000070ac00000, 0x000000070ad00000|  0%| F|  |TS  0|AC  0|TAMS 0x000000070ac00000, 0x000000070ac00000|
| 149|0x000000070ad00000, 0x000000070ad00000, 0x000000070ae00000|  0%| F|  |TS  0|AC  0|TAMS 0x000000070ad00000, 0x000000070ad00000|
| 150|0x000000070ae00000, 0x000000070ae00000, 0x000000070af00000|  0%| F|  |TS  0|AC  0|TAMS 0x000000070ae00000, 0x000000070ae00000|
| 151|0x000000070af00000, 0x000000070af00000, 0x000000070b000000|  0%| F|  |TS  0|AC  0|TAMS 0x000000070af00000, 0x000000070af00000|
| 152|0x000000070b000000, 0x000000070b000000, 0x000000070b100000|  0%| F|  |TS  0|AC  0|TAMS 0x000000070b000000, 0x000000070b000000|
| 153|0x000000070b100000, 0x000000070b100000, 0x000000070b200000|  0%| F|  |TS  0|AC  0|TAMS 0x000000070b100000, 0x000000070b100000|
| 154|0x000000070b200000, 0x000000070b200000, 0x000000070b300000|  0%| F|  |TS  0|AC  0|TAMS 0x000000070b200000, 0x000000070b200000|
| 155|0x000000070b300000, 0x000000070b300000, 0x000000070b400000|  0%| F|  |TS  0|AC  0|TAMS 0x000000070b300000, 0x000000070b300000|
| 156|0x000000070b400000, 0x000000070b400000, 0x000000070b500000|  0%| F|  |TS  0|AC  0|TAMS 0x000000070b400000, 0x000000070b400000|
| 157|0x000000070b500000, 0x000000070b500000, 0x000000070b600000|  0%| F|  |TS  0|AC  0|TAMS 0x000000070b500000, 0x000000070b500000|
| 158|0x000000070b600000, 0x000000070b600000, 0x000000070b700000|  0%| F|  |TS  0|AC  0|TAMS 0x000000070b600000, 0x000000070b600000|
| 159|0x000000070b700000, 0x000000070b700000, 0x000000070b800000|  0%| F|  |TS  0|AC  0|TAMS 0x000000070b700000, 0x000000070b700000|
| 160|0x000000070b800000, 0x000000070b800000, 0x000000070b900000|  0%| F|  |TS  0|AC  0|TAMS 0x000000070b800000, 0x000000070b800000|
| 161|0x000000070b900000, 0x000000070b900000, 0x000000070ba00000|  0%| F|  |TS  0|AC  0|TAMS 0x000000070b900000, 0x000000070b900000|
| 162|0x000000070ba00000, 0x000000070ba00000, 0x000000070bb00000|  0%| F|  |TS  0|AC  0|TAMS 0x000000070ba00000, 0x000000070ba00000|
| 163|0x000000070bb00000, 0x000000070bb00000, 0x000000070bc00000|  0%| F|  |TS  0|AC  0|TAMS 0x000000070bb00000, 0x000000070bb00000|
| 164|0x000000070bc00000, 0x000000070bc00000, 0x000000070bd00000|  0%| F|  |TS  0|AC  0|TAMS 0x000000070bc00000, 0x000000070bc00000|
| 165|0x000000070bd00000, 0x000000070bd00000, 0x000000070be00000|  0%| F|  |TS  0|AC  0|TAMS 0x000000070bd00000, 0x000000070bd00000|
| 166|0x000000070be00000, 0x000000070be00000, 0x000000070bf00000|  0%| F|  |TS  0|AC  0|TAMS 0x000000070be00000, 0x000000070be00000|
| 167|0x000000070bf00000, 0x000000070bf00000, 0x000000070c000000|  0%| F|  |TS  0|AC  0|TAMS 0x000000070bf00000, 0x000000070bf00000|
| 168|0x000000070c000000, 0x000000070c000000, 0x000000070c100000|  0%| F|  |TS  0|AC  0|TAMS 0x000000070c000000, 0x000000070c000000|
| 169|0x000000070c100000, 0x000000070c100000, 0x000000070c200000|  0%| F|  |TS  0|AC  0|TAMS 0x000000070c100000, 0x000000070c100000|
| 170|0x000000070c200000, 0x000000070c200000, 0x000000070c300000|  0%| F|  |TS  0|AC  0|TAMS 0x000000070c200000, 0x000000070c200000|
| 171|0x000000070c300000, 0x000000070c300000, 0x000000070c400000|  0%| F|  |TS  0|AC  0|TAMS 0x000000070c300000, 0x000000070c300000|
| 172|0x000000070c400000, 0x000000070c400000, 0x000000070c500000|  0%| F|  |TS  0|AC  0|TAMS 0x000000070c400000, 0x000000070c400000|
| 173|0x000000070c500000, 0x000000070c500000, 0x000000070c600000|  0%| F|  |TS  0|AC  0|TAMS 0x000000070c500000, 0x000000070c500000|
| 174|0x000000070c600000, 0x000000070c600000, 0x000000070c700000|  0%| F|  |TS  0|AC  0|TAMS 0x000000070c600000, 0x000000070c600000|
| 175|0x000000070c700000, 0x000000070c700000, 0x000000070c800000|  0%| F|  |TS  0|AC  0|TAMS 0x000000070c700000, 0x000000070c700000|
| 176|0x000000070c800000, 0x000000070c800000, 0x000000070c900000|  0%| F|  |TS  0|AC  0|TAMS 0x000000070c800000, 0x000000070c800000|
| 177|0x000000070c900000, 0x000000070c900000, 0x000000070ca00000|  0%| F|  |TS  0|AC  0|TAMS 0x000000070c900000, 0x000000070c900000|
| 178|0x000000070ca00000, 0x000000070ca00000, 0x000000070cb00000|  0%| F|  |TS  0|AC  0|TAMS 0x000000070ca00000, 0x000000070ca00000|
| 179|0x000000070cb00000, 0x000000070cb00000, 0x000000070cc00000|  0%| F|  |TS  0|AC  0|TAMS 0x000000070cb00000, 0x000000070cb00000|
| 180|0x000000070cc00000, 0x000000070cc00000, 0x000000070cd00000|  0%| F|  |TS  0|AC  0|TAMS 0x000000070cc00000, 0x000000070cc00000|
| 181|0x000000070cd00000, 0x000000070cd00000, 0x000000070ce00000|  0%| F|  |TS  0|AC  0|TAMS 0x000000070cd00000, 0x000000070cd00000|
| 182|0x000000070ce00000, 0x000000070ce00000, 0x000000070cf00000|  0%| F|  |TS  0|AC  0|TAMS 0x000000070ce00000, 0x000000070ce00000|
| 183|0x000000070cf00000, 0x000000070cf00000, 0x000000070d000000|  0%| F|  |TS  0|AC  0|TAMS 0x000000070cf00000, 0x000000070cf00000|
| 184|0x000000070d000000, 0x000000070d000000, 0x000000070d100000|  0%| F|  |TS  0|AC  0|TAMS 0x000000070d000000, 0x000000070d000000|
| 185|0x000000070d100000, 0x000000070d100000, 0x000000070d200000|  0%| F|  |TS  0|AC  0|TAMS 0x000000070d100000, 0x000000070d100000|
| 186|0x000000070d200000, 0x000000070d200000, 0x000000070d300000|  0%| F|  |TS  0|AC  0|TAMS 0x000000070d200000, 0x000000070d200000|
| 187|0x000000070d300000, 0x000000070d300000, 0x000000070d400000|  0%| F|  |TS  0|AC  0|TAMS 0x000000070d300000, 0x000000070d300000|
| 188|0x000000070d400000, 0x000000070d400000, 0x000000070d500000|  0%| F|  |TS  0|AC  0|TAMS 0x000000070d400000, 0x000000070d400000|
| 189|0x000000070d500000, 0x000000070d500000, 0x000000070d600000|  0%| F|  |TS  0|AC  0|TAMS 0x000000070d500000, 0x000000070d500000|
| 190|0x000000070d600000, 0x000000070d6d78f8, 0x000000070d700000| 84%| E|  |TS  0|AC  0|TAMS 0x000000070d600000, 0x000000070d600000|
| 191|0x000000070d700000, 0x000000070d800000, 0x000000070d800000|100%| E|CS|TS  0|AC  0|TAMS 0x000000070d700000, 0x000000070d700000|

Card table byte_map: [0x000002b47e720000,0x000002b47ed20000] byte_map_base: 0x000002b47af14000

Marking Bits (Prev, Next): (CMBitMap*) 0x000002b46269e490, (CMBitMap*) 0x000002b46269e4c8
 Prev Bits: [0x000002b400000000, 0x000002b402fa0000)
 Next Bits: [0x000002b402fa0000, 0x000002b405f40000)

Polling page: 0x000002b462590000

CodeHeap 'non-profiled nmethods': size=120064Kb used=51Kb max_used=51Kb free=120012Kb
 bounds [0x000002b475fc0000, 0x000002b476230000, 0x000002b47d500000]
CodeHeap 'profiled nmethods': size=120000Kb used=223Kb max_used=223Kb free=119776Kb
 bounds [0x000002b46ea90000, 0x000002b46ed00000, 0x000002b475fc0000]
CodeHeap 'non-nmethods': size=5696Kb used=1146Kb max_used=1154Kb free=4549Kb
 bounds [0x000002b46e500000, 0x000002b46e770000, 0x000002b46ea90000]
 total_blobs=491 nmethods=171 adapters=175
 compilation: enabled

Compilation events (10 events):
Event: 0.283 Thread 0x000002b47faf3000  166       3       java.lang.String::charAt (25 bytes)
Event: 0.284 Thread 0x000002b47faf3000 nmethod 166 0x000002b46eac5610 code [0x000002b46eac5820, 0x000002b46eac5da0]
Event: 0.285 Thread 0x000002b47faf3000  167       3       java.lang.StringBuilder::append (8 bytes)
Event: 0.286 Thread 0x000002b47faf3000 nmethod 167 0x000002b46eac6010 code [0x000002b46eac61c0, 0x000002b46eac6370]
Event: 0.286 Thread 0x000002b47faf3000  168       3       java.lang.AbstractStringBuilder::append (77 bytes)
Event: 0.286 Thread 0x000002b47faf3000 nmethod 168 0x000002b46eac6410 code [0x000002b46eac6640, 0x000002b46eac6e30]
Event: 0.288 Thread 0x000002b47faf3000  169       3       java.lang.System::getSecurityManager (4 bytes)
Event: 0.289 Thread 0x000002b47faf3000 nmethod 169 0x000002b46eac7090 code [0x000002b46eac7240, 0x000002b46eac7398]
Event: 7380.793 Thread 0x000002b47faf3000  171       3       java.lang.ref.ReferenceQueue::reallyPoll (65 bytes)
Event: 7381.039 Thread 0x000002b47faf3000 nmethod 171 0x000002b46eac7410 code [0x000002b46eac75e0, 0x000002b46eac7b78]

GC Heap History (0 events):
No events

Deoptimization events (1 events):
Event: 0.282 Thread 0x000002b4625e5800 Uncommon trap: reason=unstable_if action=reinterpret pc=0x000002b475fc3580 method=java.lang.String.charAt(I)C @ 4 c2

Classes redefined (6 events):
Event: 1878.891 Thread 0x000002b47fa78800 redefined class name=com.me.relativebalance.App, count=1
Event: 2010.684 Thread 0x000002b47fa78800 redefined class name=com.me.relativebalance.App, count=2
Event: 2906.785 Thread 0x000002b47fa78800 redefined class name=com.me.relativebalance.App, count=3
Event: 2922.418 Thread 0x000002b47fa78800 redefined class name=com.me.relativebalance.App, count=4
Event: 3605.403 Thread 0x000002b47fa78800 redefined class name=com.me.relativebalance.App, count=5
Event: 3611.325 Thread 0x000002b47fa78800 redefined class name=com.me.relativebalance.App, count=6

Internal exceptions (0 events):
No events

Events (10 events):
Event: 7056.662 Executing VM operation: GetFrameCount done
Event: 7056.662 Executing VM operation: GetOwnedMonitorInfo
Event: 7056.663 Executing VM operation: GetOwnedMonitorInfo done
Event: 7056.663 Executing VM operation: GetCurrentContendedMonitor
Event: 7056.663 Executing VM operation: GetCurrentContendedMonitor done
Event: 7060.055 Executing VM operation: GetCurrentContendedMonitor
Event: 7060.055 Executing VM operation: GetCurrentContendedMonitor done
Event: 7060.056 Executing VM operation: GetOwnedMonitorInfo
Event: 7060.056 Executing VM operation: GetOwnedMonitorInfo done
Event: 7511.652 Executing VM operation: RedefineClasses


Dynamic libraries:
0x00007ff6dd100000 - 0x00007ff6dd13e000 	C:\Program Files\Java\jdk-9.0.4\bin\javaw.exe
0x00007ffcad320000 - 0x00007ffcad510000 	C:\WINDOWS\SYSTEM32\ntdll.dll
0x00007ffcac120000 - 0x00007ffcac1d2000 	C:\WINDOWS\System32\KERNEL32.DLL
0x00007ffcaa3d0000 - 0x00007ffcaa674000 	C:\WINDOWS\System32\KERNELBASE.dll
0x00007ffcad200000 - 0x00007ffcad2a3000 	C:\WINDOWS\System32\ADVAPI32.dll
0x00007ffcabb00000 - 0x00007ffcabb9e000 	C:\WINDOWS\System32\msvcrt.dll
0x00007ffcabc50000 - 0x00007ffcabce7000 	C:\WINDOWS\System32\sechost.dll
0x00007ffcacaf0000 - 0x00007ffcacc10000 	C:\WINDOWS\System32\RPCRT4.dll
0x00007ffcab940000 - 0x00007ffcabad5000 	C:\WINDOWS\System32\USER32.dll
0x00007ffcaa680000 - 0x00007ffcaa6a1000 	C:\WINDOWS\System32\win32u.dll
0x00007ffcabbb0000 - 0x00007ffcabbd6000 	C:\WINDOWS\System32\GDI32.dll
0x00007ffcaa780000 - 0x00007ffcaa916000 	C:\WINDOWS\System32\gdi32full.dll
0x00007ffcaa6e0000 - 0x00007ffcaa77e000 	C:\WINDOWS\System32\msvcp_win.dll
0x00007ffcaa2d0000 - 0x00007ffcaa3ca000 	C:\WINDOWS\System32\ucrtbase.dll
0x00007ffc9ef20000 - 0x00007ffc9f1a4000 	C:\WINDOWS\WinSxS\amd64_microsoft.windows.common-controls_6595b64144ccf1df_6.0.18362.1016_none_9e7a36bbe461dae4\COMCTL32.dll
0x00007ffcabde0000 - 0x00007ffcac115000 	C:\WINDOWS\System32\combase.dll
0x00007ffcaa920000 - 0x00007ffcaa9a0000 	C:\WINDOWS\System32\bcryptPrimitives.dll
0x00007ffca0680000 - 0x00007ffca068a000 	C:\WINDOWS\SYSTEM32\VERSION.dll
0x00007ffcace60000 - 0x00007ffcace8e000 	C:\WINDOWS\System32\IMM32.DLL
0x00007ffc7a5d0000 - 0x00007ffc7a6bf000 	C:\Program Files\Java\jdk-9.0.4\bin\msvcr120.dll
0x00007ffc7a520000 - 0x00007ffc7a5c6000 	C:\Program Files\Java\jdk-9.0.4\bin\msvcp120.dll
0x0000000075af0000 - 0x0000000076515000 	C:\Program Files\Java\jdk-9.0.4\bin\server\jvm.dll
0x00007ffcabba0000 - 0x00007ffcabba8000 	C:\WINDOWS\System32\PSAPI.DLL
0x00007ffca7d50000 - 0x00007ffca7d74000 	C:\WINDOWS\SYSTEM32\WINMM.dll
0x00007ffc97480000 - 0x00007ffc97489000 	C:\WINDOWS\SYSTEM32\WSOCK32.dll
0x00007ffcabbe0000 - 0x00007ffcabc4f000 	C:\WINDOWS\System32\WS2_32.dll
0x00007ffca7330000 - 0x00007ffca735d000 	C:\WINDOWS\SYSTEM32\WINMMBASE.dll
0x00007ffcab350000 - 0x00007ffcab39a000 	C:\WINDOWS\System32\cfgmgr32.dll
0x00007ffca3bc0000 - 0x00007ffca3bcf000 	C:\Program Files\Java\jdk-9.0.4\bin\verify.dll
0x00007ffc80960000 - 0x00007ffc80987000 	C:\Program Files\Java\jdk-9.0.4\bin\java.dll
0x00007ffc80180000 - 0x00007ffc801b6000 	C:\Program Files\Java\jdk-9.0.4\bin\jdwp.dll
0x00007ffc8a4b0000 - 0x00007ffc8a4c6000 	C:\Program Files\Java\jdk-9.0.4\bin\zip.dll
0x00007ffc982c0000 - 0x00007ffc982ca000 	C:\Program Files\Java\jdk-9.0.4\bin\jimage.dll
0x00007ffcac1e0000 - 0x00007ffcac8c7000 	C:\WINDOWS\System32\SHELL32.dll
0x00007ffcacfa0000 - 0x00007ffcad049000 	C:\WINDOWS\System32\shcore.dll
0x00007ffcaaaf0000 - 0x00007ffcab272000 	C:\WINDOWS\System32\windows.storage.dll
0x00007ffcaa240000 - 0x00007ffcaa263000 	C:\WINDOWS\System32\profapi.dll
0x00007ffcaa1d0000 - 0x00007ffcaa21a000 	C:\WINDOWS\System32\powrprof.dll
0x00007ffcaa1a0000 - 0x00007ffcaa1b0000 	C:\WINDOWS\System32\UMPDC.dll
0x00007ffcacca0000 - 0x00007ffcaccf2000 	C:\WINDOWS\System32\shlwapi.dll
0x00007ffcaa1b0000 - 0x00007ffcaa1c1000 	C:\WINDOWS\System32\kernel.appcore.dll
0x00007ffcab280000 - 0x00007ffcab297000 	C:\WINDOWS\System32\cryptsp.dll
0x00007ffc830d0000 - 0x00007ffc830ea000 	C:\Program Files\Java\jdk-9.0.4\bin\net.dll
0x00007ffca23b0000 - 0x00007ffca24a0000 	C:\WINDOWS\SYSTEM32\WINHTTP.dll
0x00007ffca99a0000 - 0x00007ffca9a07000 	C:\WINDOWS\system32\mswsock.dll
0x00007ffc814b0000 - 0x00007ffc814c1000 	C:\Program Files\Java\jdk-9.0.4\bin\nio.dll
0x00007ffc94cb0000 - 0x00007ffc94cba000 	C:\Program Files\Java\jdk-9.0.4\bin\dt_socket.dll
0x00007ffca96f0000 - 0x00007ffca97bb000 	C:\WINDOWS\SYSTEM32\DNSAPI.dll
0x00007ffcac9a0000 - 0x00007ffcac9a8000 	C:\WINDOWS\System32\NSI.dll
0x00007ffca96b0000 - 0x00007ffca96ea000 	C:\WINDOWS\SYSTEM32\IPHLPAPI.DLL
0x00007ffca41a0000 - 0x00007ffca4217000 	C:\WINDOWS\System32\fwpuclnt.dll
0x00007ffcaa6b0000 - 0x00007ffcaa6d6000 	C:\WINDOWS\System32\bcrypt.dll
0x00007ffca2a20000 - 0x00007ffca2a2a000 	C:\Windows\System32\rasadhlp.dll
0x00007ffca8b20000 - 0x00007ffca8d14000 	C:\WINDOWS\SYSTEM32\dbghelp.dll

VM Arguments:
jvm_args: -agentlib:jdwp=transport=dt_socket,suspend=y,address=localhost:49937 -Dfile.encoding=UTF-8 
java_command: com.me.relativebalance.App accountId:ACC998877 from:20/10/2018 18:00:00 to:22/10/2018 18:00:00
java_class_path (initial): C:\Study\JAVA\CodingChallange\TransactionAnalyzer\target\classes;C:\Users\Binay\.m2\repository\com\fasterxml\jackson\core\jackson-core\2.11.2\jackson-core-2.11.2.jar;C:\Users\Binay\.m2\repository\com\fasterxml\jackson\dataformat\jackson-dataformat-csv\2.11.2\jackson-dataformat-csv-2.11.2.jar;C:\Users\Binay\.m2\repository\com\fasterxml\jackson\core\jackson-databind\2.11.2\jackson-databind-2.11.2.jar;C:\Users\Binay\.m2\repository\com\fasterxml\jackson\core\jackson-annotations\2.11.2\jackson-annotations-2.11.2.jar;C:\Users\Binay\.m2\repository\org\projectlombok\lombok\1.18.12\lombok-1.18.12.jar;C:\Users\Binay\.m2\repository\com\google\inject\guice\3.0\guice-3.0.jar;C:\Users\Binay\.m2\repository\javax\inject\javax.inject\1\javax.inject-1.jar;C:\Users\Binay\.m2\repository\aopalliance\aopalliance\1.0\aopalliance-1.0.jar
Launcher Type: SUN_STANDARD

Logging:
Log output configuration:
#0: stdout all=warning uptime,level,tags
#1: stderr all=off uptime,level,tags

Environment Variables:
JAVA_HOME=C:\Program Files\Java\jdk-9.0.4
PATH=C:\ProgramData\Oracle\Java\javapath;C:\WINDOWS\system32;C:\WINDOWS;C:\WINDOWS\System32\Wbem;C:\WINDOWS\System32\WindowsPowerShell\v1.0\;C:\WINDOWS\System32\OpenSSH\;C:\Program Files (x86)\Yarn\bin\;C:\Program Files\Git\cmd;C:\Program Files (x86)\Intel\Intel(R) Management Engine Components\DAL;C:\Program Files\Intel\Intel(R) Management Engine Components\DAL;C:\Program Files\MongoDB\Server\4.2\bin;C:\Program Files\Intel\WiFi\bin\;C:\Program Files\Common Files\Intel\WirelessCommon\;C:\Program Files\Amazon\AWSCLI\bin\;C:\maven\apache-maven-3.6.3\bin;C:\Program Files\MongoDB\Server\4.2\bin;C:\Program Files\nodejs\;C:\Users\Binay\AppData\Local\Microsoft\WindowsApps;C:\Users\Binay\AppData\Local\Yarn\bin;C:\Users\Binay\AppData\Local\Programs\Microsoft VS Code\bin;C:\Study\JAVA\java_installed\jdk1.8.0_161\bin;C:\Program Files\Docker Toolbox;C:\Study\Kafka\kafka_2.12-2.5.0\bin\windows;;C:\Program Files\JetBrains\IntelliJ IDEA 2020.1.2\bin;;C:\Users\Binay\AppData\Roaming\npm
USERNAME=Binay
OS=Windows_NT
PROCESSOR_IDENTIFIER=Intel64 Family 6 Model 142 Stepping 9, GenuineIntel



---------------  S Y S T E M  ---------------

OS: Windows 10 , 64 bit Build 18362 (10.0.18362.959)

CPU:total 4 (initial active 4) (2 cores per cpu, 2 threads per core) family 6 model 142 stepping 9, cmov, cx8, fxsr, mmx, sse, sse2, sse3, ssse3, sse4.1, sse4.2, popcnt, avx, avx2, aes, clmul, erms, 3dnowpref, lzcnt, ht, tsc, tscinvbit, bmi1, bmi2, adx, fma

Memory: 4k page, physical 12479200k(1629416k free), swap 25504784k(3051268k free)

vm_info: Java HotSpot(TM) 64-Bit Server VM (9.0.4+11) for windows-amd64 JRE (9.0.4+11), built on Dec 20 2017 02:18:54 by "mach5one" with MS VC++ 12.0 (VS2013)

END.
